Using pre-set license
Built from '2021.3/staging' branch; Version is '2021.3.24f1 (cf10dcf7010d) revision 13570268'; Using compiler version '192829333'; Build Type 'Release'
OS: 'Windows 11  (10.0.22631) 64bit Core' Language: 'ja' Physical Memory: 32607 MB
BatchMode: 1, IsHumanControllingUs: 0, StartBugReporterOnCrash: 0, Is64bit: 1, IsPro: 1

COMMAND LINE ARGUMENTS:
C:\Program Files\Unity\Hub\Editor\2021.3.24f1\Editor\Unity.exe
-adb2
-batchMode
-noUpm
-name
AssetImportWorker0
-projectPath
C:/Users/smile/Box/SUMIRE_coding/MendakoVSUparupa/メンダコVSウーパールーパー
-logFile
Logs/AssetImportWorker0.log
-srvPort
56297
Successfully changed project path to: C:/Users/smile/Box/SUMIRE_coding/MendakoVSUparupa/メンダコVSウーパールーパー
C:/Users/smile/Box/SUMIRE_coding/MendakoVSUparupa/メンダコVSウーパールーパー
[UnityMemory] Configuration Parameters - Can be set up in boot.config
    "memorysetup-bucket-allocator-granularity=16"
    "memorysetup-bucket-allocator-bucket-count=8"
    "memorysetup-bucket-allocator-block-size=33554432"
    "memorysetup-bucket-allocator-block-count=8"
    "memorysetup-main-allocator-block-size=16777216"
    "memorysetup-thread-allocator-block-size=16777216"
    "memorysetup-gfx-main-allocator-block-size=16777216"
    "memorysetup-gfx-thread-allocator-block-size=16777216"
    "memorysetup-cache-allocator-block-size=4194304"
    "memorysetup-typetree-allocator-block-size=2097152"
    "memorysetup-profiler-bucket-allocator-granularity=16"
    "memorysetup-profiler-bucket-allocator-bucket-count=8"
    "memorysetup-profiler-bucket-allocator-block-size=33554432"
    "memorysetup-profiler-bucket-allocator-block-count=8"
    "memorysetup-profiler-allocator-block-size=16777216"
    "memorysetup-profiler-editor-allocator-block-size=1048576"
    "memorysetup-temp-allocator-size-main=16777216"
    "memorysetup-job-temp-allocator-block-size=2097152"
    "memorysetup-job-temp-allocator-block-size-background=1048576"
    "memorysetup-job-temp-allocator-reduction-small-platforms=262144"
    "memorysetup-temp-allocator-size-background-worker=32768"
    "memorysetup-temp-allocator-size-job-worker=262144"
    "memorysetup-temp-allocator-size-preload-manager=33554432"
    "memorysetup-temp-allocator-size-nav-mesh-worker=65536"
    "memorysetup-temp-allocator-size-audio-worker=65536"
    "memorysetup-temp-allocator-size-cloud-worker=32768"
    "memorysetup-temp-allocator-size-gi-baking-worker=262144"
    "memorysetup-temp-allocator-size-gfx=262144"
Player connection [47116] Host "[IP] 192.168.1.100 [Port] 0 [Flags] 2 [Guid] 850802641 [EditorId] 850802641 [Version] 1048832 [Id] WindowsEditor(7,Muya_PC) [Debug] 1 [PackageName] WindowsEditor [ProjectName] Editor" joined multi-casting on [225.0.0.222:54997]...

Player connection [47116] Host "[IP] 192.168.1.100 [Port] 0 [Flags] 2 [Guid] 850802641 [EditorId] 850802641 [Version] 1048832 [Id] WindowsEditor(7,Muya_PC) [Debug] 1 [PackageName] WindowsEditor [ProjectName] Editor" joined alternative multi-casting on [225.0.0.222:34997]...

Refreshing native plugins compatible for Editor in 483.80 ms, found 4 plugins.
Preloading 0 native plugins for Editor in 0.00 ms.
Initialize engine version: 2021.3.24f1 (cf10dcf7010d)
[Subsystems] Discovering subsystems at path C:/Program Files/Unity/Hub/Editor/2021.3.24f1/Editor/Data/Resources/UnitySubsystems
[Subsystems] Discovering subsystems at path C:/Users/smile/Box/SUMIRE_coding/MendakoVSUparupa/メンダコVSウーパールーパー/Assets
GfxDevice: creating device client; threaded=0; jobified=0
Direct3D:
    Version:  Direct3D 11.0 [level 11.1]
    Renderer: NVIDIA GeForce RTX 3080 (ID=0x220a)
    Vendor:   NVIDIA
    VRAM:     12093 MB
    Driver:   31.0.15.5152
Initialize mono
Mono path[0] = 'C:/Program Files/Unity/Hub/Editor/2021.3.24f1/Editor/Data/Managed'
Mono path[1] = 'C:/Program Files/Unity/Hub/Editor/2021.3.24f1/Editor/Data/MonoBleedingEdge/lib/mono/unityjit-win32'
Mono config path = 'C:/Program Files/Unity/Hub/Editor/2021.3.24f1/Editor/Data/MonoBleedingEdge/etc'
Using monoOptions --debugger-agent=transport=dt_socket,embedding=1,server=y,suspend=n,address=127.0.0.1:56300
Begin MonoManager ReloadAssembly
Registering precompiled unity dll's ...
Register platform support module: C:/Program Files/Unity/Hub/Editor/2021.3.24f1/Editor/Data/PlaybackEngines/WindowsStandaloneSupport/UnityEditor.WindowsStandalone.Extensions.dll
Registered in 0.004534 seconds.
Native extension for WindowsStandalone target not found
Refreshing native plugins compatible for Editor in 47.41 ms, found 4 plugins.
Preloading 0 native plugins for Editor in 0.00 ms.
Mono: successfully reloaded assembly
- Completed reload, in  0.402 seconds
Domain Reload Profiling:
	ReloadAssembly (402ms)
		BeginReloadAssembly (53ms)
			ExecutionOrderSort (0ms)
			DisableScriptedObjects (0ms)
			BackupInstance (0ms)
			ReleaseScriptingObjects (0ms)
			CreateAndSetChildDomain (1ms)
		EndReloadAssembly (285ms)
			LoadAssemblies (51ms)
			RebuildTransferFunctionScriptingTraits (0ms)
			SetupTypeCache (61ms)
			ReleaseScriptCaches (0ms)
			RebuildScriptCaches (17ms)
			SetupLoadedEditorAssemblies (167ms)
				LogAssemblyErrors (0ms)
				InitializePlatformSupportModulesInManaged (5ms)
				SetLoadedEditorAssemblies (0ms)
				RefreshPlugins (48ms)
				BeforeProcessingInitializeOnLoad (1ms)
				ProcessInitializeOnLoadAttributes (75ms)
				ProcessInitializeOnLoadMethodAttributes (37ms)
				AfterProcessingInitializeOnLoad (0ms)
				EditorAssembliesLoaded (0ms)
			ExecutionOrderSort2 (0ms)
			AwakeInstancesAfterBackupRestoration (0ms)
Platform modules already initialized, skipping
Registering precompiled user dll's ...
Registered in 3.787142 seconds.
Begin MonoManager ReloadAssembly
Symbol file data-00000236C95F0020 doesn't match image C:\Users\smile\Box\SUMIRE_coding\MendakoVSUparupa\メンダコVSウーパールーパー\Library\ScriptAssemblies\Unity.TextMeshPro.Editor.dll
Symbol file LoadedFromMemory is not a mono symbol file
Symbol file data-00000236C7A15660 doesn't match image C:\Users\smile\Box\SUMIRE_coding\MendakoVSUparupa\メンダコVSウーパールーパー\Library\ScriptAssemblies\Unity.TextMeshPro.dll
Symbol file LoadedFromMemory is not a mono symbol file
Symbol file LoadedFromMemory doesn't match image C:\Users\smile\Box\SUMIRE_coding\MendakoVSUparupa\メンダコVSウーパールーパー\Library\PackageCache\com.unity.visualscripting@1.8.0\Editor\VisualScripting.Core\Dependencies\DotNetZip\Unity.VisualScripting.IonicZip.dll
Symbol file LoadedFromMemory doesn't match image C:\Users\smile\Box\SUMIRE_coding\MendakoVSUparupa\メンダコVSウーパールーパー\Library\PackageCache\com.unity.visualscripting@1.8.0\Editor\VisualScripting.Core\Dependencies\YamlDotNet\Unity.VisualScripting.YamlDotNet.dll
Native extension for WindowsStandalone target not found
Refreshing native plugins compatible for Editor in 45.40 ms, found 4 plugins.
Preloading 0 native plugins for Editor in 0.00 ms.
Mono: successfully reloaded assembly
- Completed reload, in  5.823 seconds
Domain Reload Profiling:
	ReloadAssembly (5826ms)
		BeginReloadAssembly (77ms)
			ExecutionOrderSort (0ms)
			DisableScriptedObjects (4ms)
			BackupInstance (0ms)
			ReleaseScriptingObjects (0ms)
			CreateAndSetChildDomain (13ms)
		EndReloadAssembly (5522ms)
			LoadAssemblies (4888ms)
			RebuildTransferFunctionScriptingTraits (0ms)
			SetupTypeCache (168ms)
			ReleaseScriptCaches (0ms)
			RebuildScriptCaches (32ms)
			SetupLoadedEditorAssemblies (352ms)
				LogAssemblyErrors (0ms)
				InitializePlatformSupportModulesInManaged (4ms)
				SetLoadedEditorAssemblies (0ms)
				RefreshPlugins (46ms)
				BeforeProcessingInitializeOnLoad (64ms)
				ProcessInitializeOnLoadAttributes (225ms)
				ProcessInitializeOnLoadMethodAttributes (9ms)
				AfterProcessingInitializeOnLoad (4ms)
				EditorAssembliesLoaded (0ms)
			ExecutionOrderSort2 (0ms)
			AwakeInstancesAfterBackupRestoration (4ms)
Platform modules already initialized, skipping
========================================================================
Worker process is ready to serve import requests
Launched and connected shader compiler UnityShaderCompiler.exe after 0.03 seconds
Refreshing native plugins compatible for Editor in 0.39 ms, found 4 plugins.
Preloading 0 native plugins for Editor in 0.00 ms.
Unloading 3132 Unused Serialized files (Serialized files now loaded: 0)
Unloading 54 unused Assets / (115.4 KB). Loaded Objects now: 3588.
Memory consumption went from 119.0 MB to 118.9 MB.
Total: 2.109900 ms (FindLiveObjects: 0.150600 ms CreateObjectMapping: 0.061500 ms MarkObjects: 1.821000 ms  DeleteObjects: 0.076100 ms)

AssetImportParameters requested are different than current active one (requested -> active):
  custom:video-decoder-ogg-theora: a1e56fd34408186e4bbccfd4996cb3dc -> 
  custom:container-muxer-webm: aa71ff27fc2769a1b78a27578f13a17b -> 
  custom:container-demuxer-webm: 4f35f7cbe854078d1ac9338744f61a02 -> 
  custom:video-encoder-webm-vp8: eb34c28f22e8b96e1ab97ce403110664 -> 
  custom:audio-encoder-webm-vorbis: bf7c407c2cedff20999df2af8eb42d56 -> 
  custom:framework-win-MediaFoundation: 216162199b28c13a410421893ffa2e32 -> 
  custom:container-demuxer-ogg: 62fdf1f143b41e24485cea50d1cbac27 -> 
  custom:video-decoder-webm-vp8: 9c59270c3fd7afecdb556c50c9e8de78 -> 
  custom:audio-decoder-ogg-vorbis: bf7c407c2cedff20999df2af8eb42d56 -> 
========================================================================
Received Import Request.
  Time since last request: 23129.236350 seconds.
  path: Assets/UIs/Textures/設定アイコン.png
  artifactKey: Guid(aec135e77a84e794bad9fbab97f92ff6) Importer(815301076,1909f56bfc062723c751e8b465ee728b)
Start importing Assets/UIs/Textures/設定アイコン.png using Guid(aec135e77a84e794bad9fbab97f92ff6) Importer(815301076,1909f56bfc062723c751e8b465ee728b)  -> (artifact id: '4465905e458f82e148801518cbdbc89b') in 0.166146 seconds 
========================================================================
Received Import Request.
  Time since last request: 0.000033 seconds.
  path: Assets/UIs/Textures/偽物ウパルパ.png
  artifactKey: Guid(8d4f29cbc19872d47a119f8b98d1050f) Importer(815301076,1909f56bfc062723c751e8b465ee728b)
Start importing Assets/UIs/Textures/偽物ウパルパ.png using Guid(8d4f29cbc19872d47a119f8b98d1050f) Importer(815301076,1909f56bfc062723c751e8b465ee728b)  -> (artifact id: '50a321d685345e8d49e6d9ffcff1c6dc') in 0.105686 seconds 
========================================================================
Received Import Request.
  Time since last request: 0.000017 seconds.
  path: Assets/UIs/Textures/カードアイコン.png
  artifactKey: Guid(1e8e4686c8f8eef43bc08c5c3c3e5d85) Importer(815301076,1909f56bfc062723c751e8b465ee728b)
Start importing Assets/UIs/Textures/カードアイコン.png using Guid(1e8e4686c8f8eef43bc08c5c3c3e5d85) Importer(815301076,1909f56bfc062723c751e8b465ee728b)  -> (artifact id: 'f16d5b4f579ce662417259aa6ae7d8c0') in 0.124603 seconds 
========================================================================
Received Import Request.
  Time since last request: 0.000113 seconds.
  path: Assets/UIs/Textures/スキルカード.png
  artifactKey: Guid(0410aac589e894647935791546c9e6e2) Importer(815301076,1909f56bfc062723c751e8b465ee728b)
Start importing Assets/UIs/Textures/スキルカード.png using Guid(0410aac589e894647935791546c9e6e2) Importer(815301076,1909f56bfc062723c751e8b465ee728b)  -> (artifact id: 'd4f158e2c7688056ae992e452a85b72b') in 0.111355 seconds 
========================================================================
Received Import Request.
  Time since last request: 366.355550 seconds.
  path: Assets/Models/upa_fake.fbx
  artifactKey: Guid(f35f94fec237b7e43a14393b03029535) Importer(815301076,1909f56bfc062723c751e8b465ee728b)
Start importing Assets/Models/upa_fake.fbx using Guid(f35f94fec237b7e43a14393b03029535) Importer(815301076,1909f56bfc062723c751e8b465ee728b)  -> (artifact id: '42e5f6230d809604cc1762a069f77567') in 0.131967 seconds 
========================================================================
Received Import Request.
  Time since last request: 1.233435 seconds.
  path: Assets/Models/board.fbx
  artifactKey: Guid(0f73d49f5f1ce764dad7345732f9b913) Importer(815301076,1909f56bfc062723c751e8b465ee728b)
Start importing Assets/Models/board.fbx using Guid(0f73d49f5f1ce764dad7345732f9b913) Importer(815301076,1909f56bfc062723c751e8b465ee728b)  -> (artifact id: 'c3ef54da15c8c5e3db1038af2e7e4f66') in 0.071278 seconds 
========================================================================
Received Import Request.
  Time since last request: 0.000015 seconds.
  path: Assets/Models/mendako_real.fbx
  artifactKey: Guid(62a7985b7868663458becbe039ff00e3) Importer(815301076,1909f56bfc062723c751e8b465ee728b)
Start importing Assets/Models/mendako_real.fbx using Guid(62a7985b7868663458becbe039ff00e3) Importer(815301076,1909f56bfc062723c751e8b465ee728b)  -> (artifact id: 'fcd1f6232b0998a1b24a572e4f831325') in 0.073951 seconds 
========================================================================
Received Import Request.
  Time since last request: 0.000020 seconds.
  path: Assets/Models/upa_real.fbx
  artifactKey: Guid(e49d6bcfa9298fa428053619df8215ca) Importer(815301076,1909f56bfc062723c751e8b465ee728b)
Start importing Assets/Models/upa_real.fbx using Guid(e49d6bcfa9298fa428053619df8215ca) Importer(815301076,1909f56bfc062723c751e8b465ee728b)  -> (artifact id: '7d5cb976c5ae848c93431c865212a960') in 0.087801 seconds 
========================================================================
Received Import Request.
  Time since last request: 353.115028 seconds.
  path: Assets/Codes/Game
  artifactKey: Guid(7d3181ae66e5c694dacf94ec039b21c3) Importer(815301076,1909f56bfc062723c751e8b465ee728b)
Start importing Assets/Codes/Game using Guid(7d3181ae66e5c694dacf94ec039b21c3) Importer(815301076,1909f56bfc062723c751e8b465ee728b)  -> (artifact id: '567580275275dbab69994ec8fc9a74bd') in 0.018979 seconds 
========================================================================
Received Import Request.
  Time since last request: 0.834035 seconds.
  path: Assets/Codes/Game/BoardGrid.cs
  artifactKey: Guid(bc5d6d17156f90a4c91d4edb57887656) Importer(815301076,1909f56bfc062723c751e8b465ee728b)
Start importing Assets/Codes/Game/BoardGrid.cs using Guid(bc5d6d17156f90a4c91d4edb57887656) Importer(815301076,1909f56bfc062723c751e8b465ee728b)  -> (artifact id: 'd96bfeafe3ca5b56eb566bf4c90f1343') in 0.023998 seconds 
========================================================================
Received Import Request.
  Time since last request: 2.530000 seconds.
  path: Assets/Codes/Game/CreateGrid.cs
  artifactKey: Guid(d5e594823891298468f6214b3c8b7852) Importer(815301076,1909f56bfc062723c751e8b465ee728b)
Start importing Assets/Codes/Game/CreateGrid.cs using Guid(d5e594823891298468f6214b3c8b7852) Importer(815301076,1909f56bfc062723c751e8b465ee728b)  -> (artifact id: 'a5a28231e5ab8fda4ca53c951ee4c8e7') in 0.023605 seconds 
========================================================================
Received Import Request.
  Time since last request: 330.857016 seconds.
  path: Assets/UIs/StartCanvas_入力Variant.prefab
  artifactKey: Guid(80884a613207b0b4589f68b69cf8d917) Importer(815301076,1909f56bfc062723c751e8b465ee728b)
Start importing Assets/UIs/StartCanvas_入力Variant.prefab using Guid(80884a613207b0b4589f68b69cf8d917) Importer(815301076,1909f56bfc062723c751e8b465ee728b)  -> (artifact id: '6c94b75d953707907e14249762fb3ef9') in 0.134033 seconds 
========================================================================
Received Import Request.
  Time since last request: 51.546051 seconds.
  path: Assets/Materials/M_highLightGrid.mat
  artifactKey: Guid(10015f9f38c04ee4398d170a7884d6f5) Importer(815301076,1909f56bfc062723c751e8b465ee728b)
Start importing Assets/Materials/M_highLightGrid.mat using Guid(10015f9f38c04ee4398d170a7884d6f5) Importer(815301076,1909f56bfc062723c751e8b465ee728b)  -> (artifact id: '966be89ff1e43b520153f119094e52a8') in 0.051540 seconds 
========================================================================
Received Import Request.
  Time since last request: 39.286010 seconds.
  path: Assets/Prehabs/OneGrid.prefab
  artifactKey: Guid(504db0dc73840e543934efe769a7b497) Importer(815301076,1909f56bfc062723c751e8b465ee728b)
Start importing Assets/Prehabs/OneGrid.prefab using Guid(504db0dc73840e543934efe769a7b497) Importer(815301076,1909f56bfc062723c751e8b465ee728b)  -> (artifact id: 'ddb4c8dc7947ed8eabd80362939dc5aa') in 0.035002 seconds 
========================================================================
Received Import Request.
  Time since last request: 7.837414 seconds.
  path: Assets/Prehabs/OneGrid.prefab
  artifactKey: Guid(504db0dc73840e543934efe769a7b497) Importer(815301076,1909f56bfc062723c751e8b465ee728b)
Start importing Assets/Prehabs/OneGrid.prefab using Guid(504db0dc73840e543934efe769a7b497) Importer(815301076,1909f56bfc062723c751e8b465ee728b)  -> (artifact id: '89a43cd8b78e142b778d79ff2c1ffc6c') in 0.028520 seconds 
========================================================================
Received Import Request.
  Time since last request: 9.705954 seconds.
  path: Assets/Prehabs/OneGrid.prefab
  artifactKey: Guid(504db0dc73840e543934efe769a7b497) Importer(815301076,1909f56bfc062723c751e8b465ee728b)
Start importing Assets/Prehabs/OneGrid.prefab using Guid(504db0dc73840e543934efe769a7b497) Importer(815301076,1909f56bfc062723c751e8b465ee728b)  -> (artifact id: '3f9c647d3663b3d2f603a8060efb6d7c') in 0.062407 seconds 
========================================================================
Received Import Request.
  Time since last request: 201.282925 seconds.
  path: Assets/Materials/M_highLightGrid.mat
  artifactKey: Guid(10015f9f38c04ee4398d170a7884d6f5) Importer(815301076,1909f56bfc062723c751e8b465ee728b)
Start importing Assets/Materials/M_highLightGrid.mat using Guid(10015f9f38c04ee4398d170a7884d6f5) Importer(815301076,1909f56bfc062723c751e8b465ee728b)  -> (artifact id: '16360e7210d34ae236718f39a910d04e') in 0.038929 seconds 
========================================================================
Received Prepare
Registering precompiled user dll's ...
Registered in 5.246094 seconds.
Begin MonoManager ReloadAssembly
Symbol file data-0000023710F25FC0 doesn't match image C:\Users\smile\Box\SUMIRE_coding\MendakoVSUparupa\メンダコVSウーパールーパー\Library\ScriptAssemblies\Unity.TextMeshPro.Editor.dll
Symbol file LoadedFromMemory is not a mono symbol file
Symbol file data-00000236CA7B28B0 doesn't match image C:\Users\smile\Box\SUMIRE_coding\MendakoVSUparupa\メンダコVSウーパールーパー\Library\ScriptAssemblies\Unity.TextMeshPro.dll
Symbol file LoadedFromMemory is not a mono symbol file
Symbol file LoadedFromMemory doesn't match image C:\Users\smile\Box\SUMIRE_coding\MendakoVSUparupa\メンダコVSウーパールーパー\Library\PackageCache\com.unity.visualscripting@1.8.0\Editor\VisualScripting.Core\Dependencies\DotNetZip\Unity.VisualScripting.IonicZip.dll
Symbol file LoadedFromMemory doesn't match image C:\Users\smile\Box\SUMIRE_coding\MendakoVSUparupa\メンダコVSウーパールーパー\Library\PackageCache\com.unity.visualscripting@1.8.0\Editor\VisualScripting.Core\Dependencies\YamlDotNet\Unity.VisualScripting.YamlDotNet.dll
Native extension for WindowsStandalone target not found
Refreshing native plugins compatible for Editor in 0.48 ms, found 4 plugins.
Preloading 0 native plugins for Editor in 0.00 ms.
Mono: successfully reloaded assembly
- Completed reload, in  6.911 seconds
Domain Reload Profiling:
	ReloadAssembly (6914ms)
		BeginReloadAssembly (162ms)
			ExecutionOrderSort (0ms)
			DisableScriptedObjects (3ms)
			BackupInstance (0ms)
			ReleaseScriptingObjects (0ms)
			CreateAndSetChildDomain (30ms)
		EndReloadAssembly (6463ms)
			LoadAssemblies (5853ms)
			RebuildTransferFunctionScriptingTraits (0ms)
			SetupTypeCache (182ms)
			ReleaseScriptCaches (1ms)
			RebuildScriptCaches (26ms)
			SetupLoadedEditorAssemblies (299ms)
				LogAssemblyErrors (0ms)
				InitializePlatformSupportModulesInManaged (5ms)
				SetLoadedEditorAssemblies (0ms)
				RefreshPlugins (1ms)
				BeforeProcessingInitializeOnLoad (64ms)
				ProcessInitializeOnLoadAttributes (209ms)
				ProcessInitializeOnLoadMethodAttributes (13ms)
				AfterProcessingInitializeOnLoad (5ms)
				EditorAssembliesLoaded (0ms)
			ExecutionOrderSort2 (0ms)
			AwakeInstancesAfterBackupRestoration (5ms)
Platform modules already initialized, skipping
Refreshing native plugins compatible for Editor in 237.52 ms, found 4 plugins.
Preloading 0 native plugins for Editor in 0.00 ms.
Unloading 3113 Unused Serialized files (Serialized files now loaded: 0)
Unloading 49 unused Assets / (83.6 KB). Loaded Objects now: 3648.
Memory consumption went from 122.3 MB to 122.2 MB.
Total: 1.938700 ms (FindLiveObjects: 0.207000 ms CreateObjectMapping: 0.057400 ms MarkObjects: 1.604400 ms  DeleteObjects: 0.069400 ms)

AssetImportParameters requested are different than current active one (requested -> active):
  custom:video-decoder-ogg-theora: a1e56fd34408186e4bbccfd4996cb3dc -> 
  custom:container-muxer-webm: aa71ff27fc2769a1b78a27578f13a17b -> 
  custom:container-demuxer-webm: 4f35f7cbe854078d1ac9338744f61a02 -> 
  custom:video-encoder-webm-vp8: eb34c28f22e8b96e1ab97ce403110664 -> 
  custom:audio-encoder-webm-vorbis: bf7c407c2cedff20999df2af8eb42d56 -> 
  custom:framework-win-MediaFoundation: 216162199b28c13a410421893ffa2e32 -> 
  custom:container-demuxer-ogg: 62fdf1f143b41e24485cea50d1cbac27 -> 
  custom:video-decoder-webm-vp8: 9c59270c3fd7afecdb556c50c9e8de78 -> 
  custom:audio-decoder-ogg-vorbis: bf7c407c2cedff20999df2af8eb42d56 -> 
========================================================================
Received Prepare
Registering precompiled user dll's ...
Registered in 5.018973 seconds.
Begin MonoManager ReloadAssembly
Symbol file data-00000236C777A850 doesn't match image C:\Users\smile\Box\SUMIRE_coding\MendakoVSUparupa\メンダコVSウーパールーパー\Library\ScriptAssemblies\Unity.TextMeshPro.Editor.dll
Symbol file LoadedFromMemory is not a mono symbol file
Symbol file data-00000236CA7B28B0 doesn't match image C:\Users\smile\Box\SUMIRE_coding\MendakoVSUparupa\メンダコVSウーパールーパー\Library\ScriptAssemblies\Unity.TextMeshPro.dll
Symbol file LoadedFromMemory is not a mono symbol file
Symbol file LoadedFromMemory doesn't match image C:\Users\smile\Box\SUMIRE_coding\MendakoVSUparupa\メンダコVSウーパールーパー\Library\PackageCache\com.unity.visualscripting@1.8.0\Editor\VisualScripting.Core\Dependencies\DotNetZip\Unity.VisualScripting.IonicZip.dll
Symbol file LoadedFromMemory doesn't match image C:\Users\smile\Box\SUMIRE_coding\MendakoVSUparupa\メンダコVSウーパールーパー\Library\PackageCache\com.unity.visualscripting@1.8.0\Editor\VisualScripting.Core\Dependencies\YamlDotNet\Unity.VisualScripting.YamlDotNet.dll
Native extension for WindowsStandalone target not found
Refreshing native plugins compatible for Editor in 0.56 ms, found 4 plugins.
Preloading 0 native plugins for Editor in 0.00 ms.
Mono: successfully reloaded assembly
- Completed reload, in  6.943 seconds
Domain Reload Profiling:
	ReloadAssembly (6947ms)
		BeginReloadAssembly (180ms)
			ExecutionOrderSort (0ms)
			DisableScriptedObjects (4ms)
			BackupInstance (0ms)
			ReleaseScriptingObjects (0ms)
			CreateAndSetChildDomain (27ms)
		EndReloadAssembly (6445ms)
			LoadAssemblies (5842ms)
			RebuildTransferFunctionScriptingTraits (0ms)
			SetupTypeCache (179ms)
			ReleaseScriptCaches (1ms)
			RebuildScriptCaches (26ms)
			SetupLoadedEditorAssemblies (289ms)
				LogAssemblyErrors (0ms)
				InitializePlatformSupportModulesInManaged (6ms)
				SetLoadedEditorAssemblies (0ms)
				RefreshPlugins (1ms)
				BeforeProcessingInitializeOnLoad (66ms)
				ProcessInitializeOnLoadAttributes (198ms)
				ProcessInitializeOnLoadMethodAttributes (13ms)
				AfterProcessingInitializeOnLoad (5ms)
				EditorAssembliesLoaded (0ms)
			ExecutionOrderSort2 (0ms)
			AwakeInstancesAfterBackupRestoration (4ms)
Platform modules already initialized, skipping
Refreshing native plugins compatible for Editor in 349.28 ms, found 4 plugins.
Preloading 0 native plugins for Editor in 0.00 ms.
Unloading 3113 Unused Serialized files (Serialized files now loaded: 0)
Unloading 47 unused Assets / (82.0 KB). Loaded Objects now: 3651.
Memory consumption went from 122.3 MB to 122.2 MB.
Total: 1.952300 ms (FindLiveObjects: 0.159900 ms CreateObjectMapping: 0.065900 ms MarkObjects: 1.659900 ms  DeleteObjects: 0.066100 ms)

AssetImportParameters requested are different than current active one (requested -> active):
  custom:video-decoder-ogg-theora: a1e56fd34408186e4bbccfd4996cb3dc -> 
  custom:container-muxer-webm: aa71ff27fc2769a1b78a27578f13a17b -> 
  custom:container-demuxer-webm: 4f35f7cbe854078d1ac9338744f61a02 -> 
  custom:video-encoder-webm-vp8: eb34c28f22e8b96e1ab97ce403110664 -> 
  custom:audio-encoder-webm-vorbis: bf7c407c2cedff20999df2af8eb42d56 -> 
  custom:framework-win-MediaFoundation: 216162199b28c13a410421893ffa2e32 -> 
  custom:container-demuxer-ogg: 62fdf1f143b41e24485cea50d1cbac27 -> 
  custom:video-decoder-webm-vp8: 9c59270c3fd7afecdb556c50c9e8de78 -> 
  custom:audio-decoder-ogg-vorbis: bf7c407c2cedff20999df2af8eb42d56 -> 
========================================================================
Received Import Request.
  Time since last request: 164.430385 seconds.
  path: Assets/Materials/M_highLightGrid.mat
  artifactKey: Guid(10015f9f38c04ee4398d170a7884d6f5) Importer(815301076,1909f56bfc062723c751e8b465ee728b)
Start importing Assets/Materials/M_highLightGrid.mat using Guid(10015f9f38c04ee4398d170a7884d6f5) Importer(815301076,1909f56bfc062723c751e8b465ee728b)  -> (artifact id: '7d8adba502371c008bd7e53ff4ec8e21') in 0.223974 seconds 
========================================================================
Received Import Request.
  Time since last request: 26.746469 seconds.
  path: Assets/Prehabs/OneGrid.prefab
  artifactKey: Guid(504db0dc73840e543934efe769a7b497) Importer(815301076,1909f56bfc062723c751e8b465ee728b)
Start importing Assets/Prehabs/OneGrid.prefab using Guid(504db0dc73840e543934efe769a7b497) Importer(815301076,1909f56bfc062723c751e8b465ee728b)  -> (artifact id: 'e66e6f09f166290eafa377d500f8c11f') in 0.044488 seconds 
========================================================================
Received Import Request.
  Time since last request: 5.781695 seconds.
  path: Assets/Codes/UI/ChangeSceneByButton.cs
  artifactKey: Guid(4d090f8505c69ea4089eab4b8a37911d) Importer(815301076,1909f56bfc062723c751e8b465ee728b)
Start importing Assets/Codes/UI/ChangeSceneByButton.cs using Guid(4d090f8505c69ea4089eab4b8a37911d) Importer(815301076,1909f56bfc062723c751e8b465ee728b)  -> (artifact id: 'd0198634b559fe6a8174472c98870b71') in 0.021000 seconds 
========================================================================
Received Import Request.
  Time since last request: 3.706520 seconds.
  path: Assets/Codes/UI/GameIconClick.cs
  artifactKey: Guid(99593c20fd7b5214086c22057824e1ad) Importer(815301076,1909f56bfc062723c751e8b465ee728b)
Start importing Assets/Codes/UI/GameIconClick.cs using Guid(99593c20fd7b5214086c22057824e1ad) Importer(815301076,1909f56bfc062723c751e8b465ee728b)  -> (artifact id: '88befaba47bd400b6cb7f89ba35684fb') in 0.020854 seconds 
========================================================================
Received Prepare
Registering precompiled user dll's ...
Registered in 4.997581 seconds.
Begin MonoManager ReloadAssembly
Symbol file data-00000236CD8E4D00 doesn't match image C:\Users\smile\Box\SUMIRE_coding\MendakoVSUparupa\メンダコVSウーパールーパー\Library\ScriptAssemblies\Unity.TextMeshPro.Editor.dll
Symbol file LoadedFromMemory is not a mono symbol file
Symbol file data-00000236CA7B28B0 doesn't match image C:\Users\smile\Box\SUMIRE_coding\MendakoVSUparupa\メンダコVSウーパールーパー\Library\ScriptAssemblies\Unity.TextMeshPro.dll
Symbol file LoadedFromMemory is not a mono symbol file
Symbol file LoadedFromMemory doesn't match image C:\Users\smile\Box\SUMIRE_coding\MendakoVSUparupa\メンダコVSウーパールーパー\Library\PackageCache\com.unity.visualscripting@1.8.0\Editor\VisualScripting.Core\Dependencies\DotNetZip\Unity.VisualScripting.IonicZip.dll
Symbol file LoadedFromMemory doesn't match image C:\Users\smile\Box\SUMIRE_coding\MendakoVSUparupa\メンダコVSウーパールーパー\Library\PackageCache\com.unity.visualscripting@1.8.0\Editor\VisualScripting.Core\Dependencies\YamlDotNet\Unity.VisualScripting.YamlDotNet.dll
Native extension for WindowsStandalone target not found
Refreshing native plugins compatible for Editor in 0.44 ms, found 4 plugins.
Preloading 0 native plugins for Editor in 0.00 ms.
Mono: successfully reloaded assembly
- Completed reload, in  5.612 seconds
Domain Reload Profiling:
	ReloadAssembly (5614ms)
		BeginReloadAssembly (136ms)
			ExecutionOrderSort (0ms)
			DisableScriptedObjects (2ms)
			BackupInstance (0ms)
			ReleaseScriptingObjects (0ms)
			CreateAndSetChildDomain (25ms)
		EndReloadAssembly (5255ms)
			LoadAssemblies (4770ms)
			RebuildTransferFunctionScriptingTraits (0ms)
			SetupTypeCache (157ms)
			ReleaseScriptCaches (1ms)
			RebuildScriptCaches (21ms)
			SetupLoadedEditorAssemblies (237ms)
				LogAssemblyErrors (0ms)
				InitializePlatformSupportModulesInManaged (5ms)
				SetLoadedEditorAssemblies (0ms)
				RefreshPlugins (1ms)
				BeforeProcessingInitializeOnLoad (53ms)
				ProcessInitializeOnLoadAttributes (164ms)
				ProcessInitializeOnLoadMethodAttributes (10ms)
				AfterProcessingInitializeOnLoad (5ms)
				EditorAssembliesLoaded (0ms)
			ExecutionOrderSort2 (0ms)
			AwakeInstancesAfterBackupRestoration (4ms)
Platform modules already initialized, skipping
Refreshing native plugins compatible for Editor in 253.01 ms, found 4 plugins.
Preloading 0 native plugins for Editor in 0.00 ms.
Unloading 3113 Unused Serialized files (Serialized files now loaded: 0)
Unloading 47 unused Assets / (82.0 KB). Loaded Objects now: 3654.
Memory consumption went from 122.3 MB to 122.3 MB.
Total: 1.998500 ms (FindLiveObjects: 0.162400 ms CreateObjectMapping: 0.063300 ms MarkObjects: 1.707700 ms  DeleteObjects: 0.064500 ms)

AssetImportParameters requested are different than current active one (requested -> active):
  custom:video-decoder-ogg-theora: a1e56fd34408186e4bbccfd4996cb3dc -> 
  custom:container-muxer-webm: aa71ff27fc2769a1b78a27578f13a17b -> 
  custom:container-demuxer-webm: 4f35f7cbe854078d1ac9338744f61a02 -> 
  custom:video-encoder-webm-vp8: eb34c28f22e8b96e1ab97ce403110664 -> 
  custom:audio-encoder-webm-vorbis: bf7c407c2cedff20999df2af8eb42d56 -> 
  custom:framework-win-MediaFoundation: 216162199b28c13a410421893ffa2e32 -> 
  custom:container-demuxer-ogg: 62fdf1f143b41e24485cea50d1cbac27 -> 
  custom:video-decoder-webm-vp8: 9c59270c3fd7afecdb556c50c9e8de78 -> 
  custom:audio-decoder-ogg-vorbis: bf7c407c2cedff20999df2af8eb42d56 -> 
========================================================================
Received Prepare
Registering precompiled user dll's ...
Registered in 3.809819 seconds.
Begin MonoManager ReloadAssembly
Symbol file data-00000236CD8E4D00 doesn't match image C:\Users\smile\Box\SUMIRE_coding\MendakoVSUparupa\メンダコVSウーパールーパー\Library\ScriptAssemblies\Unity.TextMeshPro.Editor.dll
Symbol file LoadedFromMemory is not a mono symbol file
Symbol file data-00000236CA51FDE0 doesn't match image C:\Users\smile\Box\SUMIRE_coding\MendakoVSUparupa\メンダコVSウーパールーパー\Library\ScriptAssemblies\Unity.TextMeshPro.dll
Symbol file LoadedFromMemory is not a mono symbol file
Symbol file LoadedFromMemory doesn't match image C:\Users\smile\Box\SUMIRE_coding\MendakoVSUparupa\メンダコVSウーパールーパー\Library\PackageCache\com.unity.visualscripting@1.8.0\Editor\VisualScripting.Core\Dependencies\DotNetZip\Unity.VisualScripting.IonicZip.dll
Symbol file LoadedFromMemory doesn't match image C:\Users\smile\Box\SUMIRE_coding\MendakoVSUparupa\メンダコVSウーパールーパー\Library\PackageCache\com.unity.visualscripting@1.8.0\Editor\VisualScripting.Core\Dependencies\YamlDotNet\Unity.VisualScripting.YamlDotNet.dll
Native extension for WindowsStandalone target not found
Refreshing native plugins compatible for Editor in 0.43 ms, found 4 plugins.
Preloading 0 native plugins for Editor in 0.00 ms.
Mono: successfully reloaded assembly
- Completed reload, in  5.794 seconds
Domain Reload Profiling:
	ReloadAssembly (5796ms)
		BeginReloadAssembly (135ms)
			ExecutionOrderSort (0ms)
			DisableScriptedObjects (3ms)
			BackupInstance (0ms)
			ReleaseScriptingObjects (0ms)
			CreateAndSetChildDomain (24ms)
		EndReloadAssembly (5444ms)
			LoadAssemblies (4917ms)
			RebuildTransferFunctionScriptingTraits (0ms)
			SetupTypeCache (181ms)
			ReleaseScriptCaches (1ms)
			RebuildScriptCaches (22ms)
			SetupLoadedEditorAssemblies (234ms)
				LogAssemblyErrors (0ms)
				InitializePlatformSupportModulesInManaged (5ms)
				SetLoadedEditorAssemblies (0ms)
				RefreshPlugins (1ms)
				BeforeProcessingInitializeOnLoad (51ms)
				ProcessInitializeOnLoadAttributes (163ms)
				ProcessInitializeOnLoadMethodAttributes (10ms)
				AfterProcessingInitializeOnLoad (5ms)
				EditorAssembliesLoaded (0ms)
			ExecutionOrderSort2 (0ms)
			AwakeInstancesAfterBackupRestoration (3ms)
Platform modules already initialized, skipping
Refreshing native plugins compatible for Editor in 260.29 ms, found 4 plugins.
Preloading 0 native plugins for Editor in 0.00 ms.
Unloading 3113 Unused Serialized files (Serialized files now loaded: 0)
Unloading 47 unused Assets / (82.1 KB). Loaded Objects now: 3657.
Memory consumption went from 122.4 MB to 122.3 MB.
Total: 1.998300 ms (FindLiveObjects: 0.167400 ms CreateObjectMapping: 0.069600 ms MarkObjects: 1.650400 ms  DeleteObjects: 0.110100 ms)

AssetImportParameters requested are different than current active one (requested -> active):
  custom:video-decoder-ogg-theora: a1e56fd34408186e4bbccfd4996cb3dc -> 
  custom:container-muxer-webm: aa71ff27fc2769a1b78a27578f13a17b -> 
  custom:container-demuxer-webm: 4f35f7cbe854078d1ac9338744f61a02 -> 
  custom:video-encoder-webm-vp8: eb34c28f22e8b96e1ab97ce403110664 -> 
  custom:audio-encoder-webm-vorbis: bf7c407c2cedff20999df2af8eb42d56 -> 
  custom:framework-win-MediaFoundation: 216162199b28c13a410421893ffa2e32 -> 
  custom:container-demuxer-ogg: 62fdf1f143b41e24485cea50d1cbac27 -> 
  custom:video-decoder-webm-vp8: 9c59270c3fd7afecdb556c50c9e8de78 -> 
  custom:audio-decoder-ogg-vorbis: bf7c407c2cedff20999df2af8eb42d56 -> 
========================================================================
Received Import Request.
  Time since last request: 278.766689 seconds.
  path: Assets/Codes/UI
  artifactKey: Guid(84c1b5c7275ae2541b83d2eef4e497f9) Importer(815301076,1909f56bfc062723c751e8b465ee728b)
Start importing Assets/Codes/UI using Guid(84c1b5c7275ae2541b83d2eef4e497f9) Importer(815301076,1909f56bfc062723c751e8b465ee728b)  -> (artifact id: '971ba33767e78e4f85f225617b8e5c8f') in 0.023655 seconds 
========================================================================
Received Prepare
Registering precompiled user dll's ...
Registered in 3.911654 seconds.
Begin MonoManager ReloadAssembly
Symbol file data-00000236CA7687A0 doesn't match image C:\Users\smile\Box\SUMIRE_coding\MendakoVSUparupa\メンダコVSウーパールーパー\Library\ScriptAssemblies\Unity.TextMeshPro.Editor.dll
Symbol file LoadedFromMemory is not a mono symbol file
Symbol file data-00000236CCA7D010 doesn't match image C:\Users\smile\Box\SUMIRE_coding\MendakoVSUparupa\メンダコVSウーパールーパー\Library\ScriptAssemblies\Unity.TextMeshPro.dll
Symbol file LoadedFromMemory is not a mono symbol file
Symbol file LoadedFromMemory doesn't match image C:\Users\smile\Box\SUMIRE_coding\MendakoVSUparupa\メンダコVSウーパールーパー\Library\PackageCache\com.unity.visualscripting@1.8.0\Editor\VisualScripting.Core\Dependencies\DotNetZip\Unity.VisualScripting.IonicZip.dll
Symbol file LoadedFromMemory doesn't match image C:\Users\smile\Box\SUMIRE_coding\MendakoVSUparupa\メンダコVSウーパールーパー\Library\PackageCache\com.unity.visualscripting@1.8.0\Editor\VisualScripting.Core\Dependencies\YamlDotNet\Unity.VisualScripting.YamlDotNet.dll
Native extension for WindowsStandalone target not found
Refreshing native plugins compatible for Editor in 0.51 ms, found 4 plugins.
Preloading 0 native plugins for Editor in 0.00 ms.
Mono: successfully reloaded assembly
- Completed reload, in  6.095 seconds
Domain Reload Profiling:
	ReloadAssembly (6097ms)
		BeginReloadAssembly (124ms)
			ExecutionOrderSort (0ms)
			DisableScriptedObjects (3ms)
			BackupInstance (0ms)
			ReleaseScriptingObjects (0ms)
			CreateAndSetChildDomain (21ms)
		EndReloadAssembly (5750ms)
			LoadAssemblies (5145ms)
			RebuildTransferFunctionScriptingTraits (0ms)
			SetupTypeCache (222ms)
			ReleaseScriptCaches (1ms)
			RebuildScriptCaches (25ms)
			SetupLoadedEditorAssemblies (255ms)
				LogAssemblyErrors (0ms)
				InitializePlatformSupportModulesInManaged (5ms)
				SetLoadedEditorAssemblies (1ms)
				RefreshPlugins (1ms)
				BeforeProcessingInitializeOnLoad (56ms)
				ProcessInitializeOnLoadAttributes (176ms)
				ProcessInitializeOnLoadMethodAttributes (11ms)
				AfterProcessingInitializeOnLoad (5ms)
				EditorAssembliesLoaded (0ms)
			ExecutionOrderSort2 (0ms)
			AwakeInstancesAfterBackupRestoration (4ms)
Platform modules already initialized, skipping
Refreshing native plugins compatible for Editor in 230.39 ms, found 4 plugins.
Preloading 0 native plugins for Editor in 0.00 ms.
Unloading 3113 Unused Serialized files (Serialized files now loaded: 0)
Unloading 47 unused Assets / (81.9 KB). Loaded Objects now: 3660.
Memory consumption went from 122.4 MB to 122.3 MB.
Total: 1.981300 ms (FindLiveObjects: 0.161000 ms CreateObjectMapping: 0.061000 ms MarkObjects: 1.679500 ms  DeleteObjects: 0.079300 ms)

AssetImportParameters requested are different than current active one (requested -> active):
  custom:video-decoder-ogg-theora: a1e56fd34408186e4bbccfd4996cb3dc -> 
  custom:container-muxer-webm: aa71ff27fc2769a1b78a27578f13a17b -> 
  custom:container-demuxer-webm: 4f35f7cbe854078d1ac9338744f61a02 -> 
  custom:video-encoder-webm-vp8: eb34c28f22e8b96e1ab97ce403110664 -> 
  custom:audio-encoder-webm-vorbis: bf7c407c2cedff20999df2af8eb42d56 -> 
  custom:framework-win-MediaFoundation: 216162199b28c13a410421893ffa2e32 -> 
  custom:container-demuxer-ogg: 62fdf1f143b41e24485cea50d1cbac27 -> 
  custom:video-decoder-webm-vp8: 9c59270c3fd7afecdb556c50c9e8de78 -> 
  custom:audio-decoder-ogg-vorbis: bf7c407c2cedff20999df2af8eb42d56 -> 
========================================================================
Received Prepare
Registering precompiled user dll's ...
Registered in 3.818716 seconds.
Begin MonoManager ReloadAssembly
Symbol file data-00000236CD8E4D00 doesn't match image C:\Users\smile\Box\SUMIRE_coding\MendakoVSUparupa\メンダコVSウーパールーパー\Library\ScriptAssemblies\Unity.TextMeshPro.Editor.dll
Symbol file LoadedFromMemory is not a mono symbol file
Symbol file data-00000236CCA7D010 doesn't match image C:\Users\smile\Box\SUMIRE_coding\MendakoVSUparupa\メンダコVSウーパールーパー\Library\ScriptAssemblies\Unity.TextMeshPro.dll
Symbol file LoadedFromMemory is not a mono symbol file
Symbol file LoadedFromMemory doesn't match image C:\Users\smile\Box\SUMIRE_coding\MendakoVSUparupa\メンダコVSウーパールーパー\Library\PackageCache\com.unity.visualscripting@1.8.0\Editor\VisualScripting.Core\Dependencies\DotNetZip\Unity.VisualScripting.IonicZip.dll
Symbol file LoadedFromMemory doesn't match image C:\Users\smile\Box\SUMIRE_coding\MendakoVSUparupa\メンダコVSウーパールーパー\Library\PackageCache\com.unity.visualscripting@1.8.0\Editor\VisualScripting.Core\Dependencies\YamlDotNet\Unity.VisualScripting.YamlDotNet.dll
Native extension for WindowsStandalone target not found
Refreshing native plugins compatible for Editor in 0.51 ms, found 4 plugins.
Preloading 0 native plugins for Editor in 0.00 ms.
Mono: successfully reloaded assembly
- Completed reload, in  6.123 seconds
Domain Reload Profiling:
	ReloadAssembly (6133ms)
		BeginReloadAssembly (144ms)
			ExecutionOrderSort (0ms)
			DisableScriptedObjects (4ms)
			BackupInstance (0ms)
			ReleaseScriptingObjects (0ms)
			CreateAndSetChildDomain (23ms)
		EndReloadAssembly (5766ms)
			LoadAssemblies (5267ms)
			RebuildTransferFunctionScriptingTraits (0ms)
			SetupTypeCache (154ms)
			ReleaseScriptCaches (1ms)
			RebuildScriptCaches (21ms)
			SetupLoadedEditorAssemblies (240ms)
				LogAssemblyErrors (0ms)
				InitializePlatformSupportModulesInManaged (4ms)
				SetLoadedEditorAssemblies (1ms)
				RefreshPlugins (1ms)
				BeforeProcessingInitializeOnLoad (55ms)
				ProcessInitializeOnLoadAttributes (164ms)
				ProcessInitializeOnLoadMethodAttributes (10ms)
				AfterProcessingInitializeOnLoad (5ms)
				EditorAssembliesLoaded (0ms)
			ExecutionOrderSort2 (0ms)
			AwakeInstancesAfterBackupRestoration (3ms)
Platform modules already initialized, skipping
Refreshing native plugins compatible for Editor in 235.10 ms, found 4 plugins.
Preloading 0 native plugins for Editor in 0.00 ms.
Unloading 3113 Unused Serialized files (Serialized files now loaded: 0)
Unloading 47 unused Assets / (82.0 KB). Loaded Objects now: 3663.
Memory consumption went from 122.4 MB to 122.3 MB.
Total: 1.922600 ms (FindLiveObjects: 0.236400 ms CreateObjectMapping: 0.063700 ms MarkObjects: 1.561500 ms  DeleteObjects: 0.060200 ms)

AssetImportParameters requested are different than current active one (requested -> active):
  custom:video-decoder-ogg-theora: a1e56fd34408186e4bbccfd4996cb3dc -> 
  custom:container-muxer-webm: aa71ff27fc2769a1b78a27578f13a17b -> 
  custom:container-demuxer-webm: 4f35f7cbe854078d1ac9338744f61a02 -> 
  custom:video-encoder-webm-vp8: eb34c28f22e8b96e1ab97ce403110664 -> 
  custom:audio-encoder-webm-vorbis: bf7c407c2cedff20999df2af8eb42d56 -> 
  custom:framework-win-MediaFoundation: 216162199b28c13a410421893ffa2e32 -> 
  custom:container-demuxer-ogg: 62fdf1f143b41e24485cea50d1cbac27 -> 
  custom:video-decoder-webm-vp8: 9c59270c3fd7afecdb556c50c9e8de78 -> 
  custom:audio-decoder-ogg-vorbis: bf7c407c2cedff20999df2af8eb42d56 -> 
========================================================================
Received Import Request.
  Time since last request: 174.477763 seconds.
  path: Assets/Scenes/SC_Start.unity
  artifactKey: Guid(b50044aa8b46a794e9dd5d38e699ff00) Importer(815301076,1909f56bfc062723c751e8b465ee728b)
Start importing Assets/Scenes/SC_Start.unity using Guid(b50044aa8b46a794e9dd5d38e699ff00) Importer(815301076,1909f56bfc062723c751e8b465ee728b)  -> (artifact id: '898c054b316a54a6748bc7185d6907fb') in 0.028830 seconds 
========================================================================
Received Import Request.
  Time since last request: 0.000088 seconds.
  path: Assets/Prehabs/OneGrid.prefab
  artifactKey: Guid(504db0dc73840e543934efe769a7b497) Importer(815301076,1909f56bfc062723c751e8b465ee728b)
Start importing Assets/Prehabs/OneGrid.prefab using Guid(504db0dc73840e543934efe769a7b497) Importer(815301076,1909f56bfc062723c751e8b465ee728b)  -> (artifact id: '2a412064269a83ea263a6f7b23dc8001') in 0.073252 seconds 
